<?xml version="1.0" encoding="UTF-8"?>
<!-- Generated by org.testng.reporters.JUnitXMLReporter -->
<testsuite ignored="0" hostname="DESKTOP-TUE1PU9" failures="0" tests="7" name="Test3" time="55.136" errors="0" timestamp="2024-12-26T12:01:38 IST">
  <testcase classname="com.Demowebshop.TestScript.InvalidLoginTest" name="invalidLoginTest" time="17.456"/>
  <testcase classname="com.Demowebshop.TestScript.InvalidLoginTest" name="invalidLoginTest" time="4.962"/>
  <testcase classname="com.Demowebshop.TestScript.InvalidLoginTest" name="invalidLoginTest" time="2.863"/>
  <testcase classname="com.Demowebshop.TestScript.InvalidLoginTest" name="invalidLoginTest" time="3.124"/>
  <testcase classname="com.Demowebshop.TestScript.InvalidLoginTest" name="invalidLoginTest" time="2.628"/>
  <testcase classname="com.Demowebshop.TestScript.InvalidLoginTest" name="invalidLoginTest" time="2.273"/>
  <testcase classname="com.Demowebshop.TestScript.InvalidLoginTest" name="invalidLoginTest" time="2.617"/>
</testsuite> <!-- Test3 -->
