<?xml version="1.0" encoding="UTF-8"?>
<!-- Generated by org.testng.reporters.JUnitXMLReporter -->
<testsuite ignored="10" hostname="DESKTOP-TUE1PU9" failures="0" tests="7" name="Test" time="29.8" errors="0" timestamp="2025-01-07T14:59:50 IST">
  <testcase classname="com.Demowebshop.TestScript.InvalidLoginTest" name="invalidLoginTest" time="2.617"/>
  <testcase classname="com.Demowebshop.TestScript.InvalidLoginTest" name="invalidLoginTest" time="2.465"/>
  <testcase classname="com.Demowebshop.TestScript.InvalidLoginTest" name="invalidLoginTest" time="2.397"/>
  <testcase classname="com.Demowebshop.TestScript.InvalidLoginTest" name="invalidLoginTest" time="2.523"/>
  <testcase classname="com.Demowebshop.TestScript.InvalidLoginTest" name="invalidLoginTest" time="2.17"/>
  <testcase classname="com.Demowebshop.TestScript.InvalidLoginTest" name="invalidLoginTest" time="2.929"/>
  <testcase classname="com.Demowebshop.TestScript.InvalidLoginTest" name="invalidLoginTest" time="2.284"/>
  <testcase classname="com.DemowebShop.generic.Lib.BaseTest" name="@BeforeTest toConnectDatabase" time="0.0">
    <ignored/>
  </testcase> <!-- @BeforeTest toConnectDatabase -->
  <testcase classname="com.DemowebShop.generic.Lib.BaseTest" name="@BeforeTest toConnectDatabase" time="0.0">
    <ignored/>
  </testcase> <!-- @BeforeTest toConnectDatabase -->
  <testcase classname="com.DemowebShop.generic.Lib.BaseTest" name="@BeforeSuite toConnectServer" time="0.0">
    <ignored/>
  </testcase> <!-- @BeforeSuite toConnectServer -->
  <testcase classname="com.DemowebShop.generic.Lib.BaseTest" name="@BeforeSuite toConnectServer" time="0.0">
    <ignored/>
  </testcase> <!-- @BeforeSuite toConnectServer -->
  <testcase classname="com.Demowebshop.TestScript.ValidLoginTest" name="loginTestScript" time="0.0">
    <ignored/>
  </testcase> <!-- loginTestScript -->
  <testcase classname="com.DemowebShop.generic.Lib.BaseTest" name="@AfterSuite toCloseServer" time="0.0">
    <ignored/>
  </testcase> <!-- @AfterSuite toCloseServer -->
  <testcase classname="com.DemowebShop.generic.Lib.BaseTest" name="@AfterSuite toCloseServer" time="0.0">
    <ignored/>
  </testcase> <!-- @AfterSuite toCloseServer -->
  <testcase classname="com.DemowebShop.generic.Lib.BaseTest" name="@AfterTest toCloseDatabase" time="0.0">
    <ignored/>
  </testcase> <!-- @AfterTest toCloseDatabase -->
  <testcase classname="com.DemowebShop.generic.Lib.BaseTest" name="@AfterTest toCloseDatabase" time="0.0">
    <ignored/>
  </testcase> <!-- @AfterTest toCloseDatabase -->
  <testcase classname="com.Demowebshop.TestScript.RegisterTest" name="registerTestScript" time="0.0">
    <ignored/>
  </testcase> <!-- registerTestScript -->
</testsuite> <!-- Test -->
