<?xml version="1.0" encoding="UTF-8"?>
<!-- Generated by org.testng.reporters.JUnitXMLReporter -->
<testsuite ignored="0" hostname="DESKTOP-TUE1PU9" failures="0" tests="7" name="Test3" time="22.582" errors="0" timestamp="2025-01-17T22:58:31 IST">
  <testcase classname="com.Demowebshop.TestScript.InvalidLoginTest" name="invalidLoginTest" time="2.875"/>
  <testcase classname="com.Demowebshop.TestScript.InvalidLoginTest" name="invalidLoginTest" time="2.125"/>
  <testcase classname="com.Demowebshop.TestScript.InvalidLoginTest" name="invalidLoginTest" time="1.272"/>
  <testcase classname="com.Demowebshop.TestScript.InvalidLoginTest" name="invalidLoginTest" time="1.426"/>
  <testcase classname="com.Demowebshop.TestScript.InvalidLoginTest" name="invalidLoginTest" time="1.362"/>
  <testcase classname="com.Demowebshop.TestScript.InvalidLoginTest" name="invalidLoginTest" time="1.43"/>
  <testcase classname="com.Demowebshop.TestScript.InvalidLoginTest" name="invalidLoginTest" time="1.642"/>
</testsuite> <!-- Test3 -->
