<?xml version="1.0" encoding="UTF-8"?>
<!-- Generated by org.testng.reporters.JUnitXMLReporter -->
<testsuite ignored="0" hostname="DESKTOP-TUE1PU9" failures="0" tests="7" name="Default test" time="23.569" errors="0" timestamp="2025-01-17T22:51:53 IST">
  <testcase classname="com.Demowebshop.TestScript.InvalidLoginTest" name="invalidLoginTest" time="2.126"/>
  <testcase classname="com.Demowebshop.TestScript.InvalidLoginTest" name="invalidLoginTest" time="2.381"/>
  <testcase classname="com.Demowebshop.TestScript.InvalidLoginTest" name="invalidLoginTest" time="2.127"/>
  <testcase classname="com.Demowebshop.TestScript.InvalidLoginTest" name="invalidLoginTest" time="2.027"/>
  <testcase classname="com.Demowebshop.TestScript.InvalidLoginTest" name="invalidLoginTest" time="2.28"/>
  <testcase classname="com.Demowebshop.TestScript.InvalidLoginTest" name="invalidLoginTest" time="2.265"/>
  <testcase classname="com.Demowebshop.TestScript.InvalidLoginTest" name="invalidLoginTest" time="2.136"/>
</testsuite> <!-- Default test -->
