<?xml version="1.0" encoding="UTF-8"?>
<testng-results ignored="0" total="1" passed="0" failed="1" skipped="0">
  <reporter-output>
    <line>
      <![CDATA[===Server connected successfully==]]>
    </line>
    <line>
      <![CDATA[==database connected successfully==]]>
    </line>
    <line>
      <![CDATA[***********Launching chrome **************]]>
    </line>
    <line>
      <![CDATA[Screenshot taken Successfully]]>
    </line>
    <line>
      <![CDATA[=====Browser closed successfully====]]>
    </line>
    <line>
      <![CDATA[=====database closed successfully====]]>
    </line>
    <line>
      <![CDATA[=====database closed successfully====]]>
    </line>
  </reporter-output>
  <suite started-at="2025-01-19T13:09:42Z" name="Default suite" finished-at="2025-01-19T13:10:00Z" duration-ms="18228">
    <groups>
      <group name="RT">
        <method signature="RegisterTest.toRegisterIntoDemoWebshop()[pri:0, instance:com.DemoWebShopOne.TestScripts.RegisterTest@4b41dd5c]" name="toRegisterIntoDemoWebshop" class="com.DemoWebShopOne.TestScripts.RegisterTest"/>
      </group> <!-- RT -->
    </groups>
    <test started-at="2025-01-19T13:09:42Z" name="Default test" finished-at="2025-01-19T13:10:00Z" duration-ms="18228">
      <class name="com.DemoWebShopOne.TestScripts.RegisterTest">
        <test-method is-config="true" signature="toConnectServer()[pri:0, instance:com.DemoWebShopOne.TestScripts.RegisterTest@4b41dd5c]" started-at="2025-01-19T13:09:42Z" name="toConnectServer" finished-at="2025-01-19T13:09:42Z" duration-ms="22" status="PASS">
          <reporter-output>
            <line>
              <![CDATA[===Server connected successfully==]]>
            </line>
          </reporter-output>
        </test-method> <!-- toConnectServer -->
        <test-method is-config="true" signature="toConnectDatabase()[pri:0, instance:com.DemoWebShopOne.TestScripts.RegisterTest@4b41dd5c]" started-at="2025-01-19T13:09:42Z" name="toConnectDatabase" finished-at="2025-01-19T13:09:42Z" duration-ms="1" status="PASS">
          <reporter-output>
            <line>
              <![CDATA[==database connected successfully==]]>
            </line>
          </reporter-output>
        </test-method> <!-- toConnectDatabase -->
        <test-method is-config="true" signature="setupt(java.lang.String)[pri:0, instance:com.DemoWebShopOne.TestScripts.RegisterTest@4b41dd5c]" started-at="2025-01-19T13:09:42Z" name="setupt" finished-at="2025-01-19T13:09:48Z" duration-ms="5460" status="PASS">
          <params>
            <param index="0">
              <value>
                <![CDATA[chrome]]>
              </value>
            </param>
          </params>
          <reporter-output>
            <line>
              <![CDATA[***********Launching chrome **************]]>
            </line>
          </reporter-output>
        </test-method> <!-- setupt -->
        <test-method signature="toRegisterIntoDemoWebshop()[pri:0, instance:com.DemoWebShopOne.TestScripts.RegisterTest@4b41dd5c]" started-at="2025-01-19T13:09:48Z" name="toRegisterIntoDemoWebshop" finished-at="2025-01-19T13:10:00Z" duration-ms="12360" status="FAIL">
          <exception class="org.openqa.selenium.NoSuchElementException">
            <message>
              <![CDATA[no such element: Unable to locate element: {"method":"css selector","selector":"#First"}
  (Session info: chrome=131.0.6778.266)
For documentation on this error, please visit: https://www.selenium.dev/documentation/webdriver/troubleshooting/errors#no-such-element-exception
Build info: version: '4.23.1', revision: '656257d8e9'
System info: os.name: 'Windows 11', os.arch: 'amd64', os.version: '10.0', java.version: '22.0.2'
Driver info: org.openqa.selenium.chrome.ChromeDriver
Command: [1b01bd09382acb5e9c88b44c4ab5aaae, findElement {value=First, using=id}]
Capabilities {acceptInsecureCerts: false, browserName: chrome, browserVersion: 131.0.6778.266, chrome: {chromedriverVersion: 131.0.6778.264 (2d05e315153..., userDataDir: C:\Users\MITHLE~1\AppData\L...}, fedcm:accounts: true, goog:chromeOptions: {debuggerAddress: localhost:51310}, networkConnectionEnabled: false, pageLoadStrategy: normal, platformName: windows, proxy: Proxy(), se:cdp: ws://localhost:51310/devtoo..., se:cdpVersion: 131.0.6778.266, setWindowRect: true, strictFileInteractability: false, timeouts: {implicit: 0, pageLoad: 300000, script: 30000}, unhandledPromptBehavior: dismiss and notify, webauthn:extension:credBlob: true, webauthn:extension:largeBlob: true, webauthn:extension:minPinLength: true, webauthn:extension:prf: true, webauthn:virtualAuthenticators: true}
Session ID: 1b01bd09382acb5e9c88b44c4ab5aaae]]>
            </message>
            <full-stacktrace>
              <![CDATA[org.openqa.selenium.NoSuchElementException: no such element: Unable to locate element: {"method":"css selector","selector":"#First"}
  (Session info: chrome=131.0.6778.266)
For documentation on this error, please visit: https://www.selenium.dev/documentation/webdriver/troubleshooting/errors#no-such-element-exception
Build info: version: '4.23.1', revision: '656257d8e9'
System info: os.name: 'Windows 11', os.arch: 'amd64', os.version: '10.0', java.version: '22.0.2'
Driver info: org.openqa.selenium.chrome.ChromeDriver
Command: [1b01bd09382acb5e9c88b44c4ab5aaae, findElement {value=First, using=id}]
Capabilities {acceptInsecureCerts: false, browserName: chrome, browserVersion: 131.0.6778.266, chrome: {chromedriverVersion: 131.0.6778.264 (2d05e315153..., userDataDir: C:\Users\MITHLE~1\AppData\L...}, fedcm:accounts: true, goog:chromeOptions: {debuggerAddress: localhost:51310}, networkConnectionEnabled: false, pageLoadStrategy: normal, platformName: windows, proxy: Proxy(), se:cdp: ws://localhost:51310/devtoo..., se:cdpVersion: 131.0.6778.266, setWindowRect: true, strictFileInteractability: false, timeouts: {implicit: 0, pageLoad: 300000, script: 30000}, unhandledPromptBehavior: dismiss and notify, webauthn:extension:credBlob: true, webauthn:extension:largeBlob: true, webauthn:extension:minPinLength: true, webauthn:extension:prf: true, webauthn:virtualAuthenticators: true}
Session ID: 1b01bd09382acb5e9c88b44c4ab5aaae
at java.base/jdk.internal.reflect.DirectConstructorHandleAccessor.newInstance(DirectConstructorHandleAccessor.java:62)
at java.base/java.lang.reflect.Constructor.newInstanceWithCaller(Constructor.java:502)
at java.base/java.lang.reflect.Constructor.newInstance(Constructor.java:486)
at org.openqa.selenium.remote.ErrorCodec.decode(ErrorCodec.java:167)
at org.openqa.selenium.remote.codec.w3c.W3CHttpResponseCodec.decode(W3CHttpResponseCodec.java:138)
at org.openqa.selenium.remote.codec.w3c.W3CHttpResponseCodec.decode(W3CHttpResponseCodec.java:50)
at org.openqa.selenium.remote.HttpCommandExecutor.execute(HttpCommandExecutor.java:190)
at org.openqa.selenium.remote.service.DriverCommandExecutor.invokeExecute(DriverCommandExecutor.java:216)
at org.openqa.selenium.remote.service.DriverCommandExecutor.execute(DriverCommandExecutor.java:174)
at org.openqa.selenium.remote.RemoteWebDriver.execute(RemoteWebDriver.java:545)
at org.openqa.selenium.remote.ElementLocation$ElementFinder$2.findElement(ElementLocation.java:165)
at org.openqa.selenium.remote.ElementLocation.findElement(ElementLocation.java:66)
at org.openqa.selenium.remote.RemoteWebDriver.findElement(RemoteWebDriver.java:368)
at org.openqa.selenium.remote.RemoteWebDriver.findElement(RemoteWebDriver.java:362)
at org.openqa.selenium.support.pagefactory.DefaultElementLocator.findElement(DefaultElementLocator.java:68)
at org.openqa.selenium.support.pagefactory.internal.LocatingElementHandler.invoke(LocatingElementHandler.java:38)
at jdk.proxy2/jdk.proxy2.$Proxy19.sendKeys(Unknown Source)
at com.DemoWebShopOne.pomPages.RegisterPage.registerInDemo(RegisterPage.java:37)
at com.DemoWebShopOne.TestScripts.RegisterTest.toRegisterIntoDemoWebshop(RegisterTest.java:25)
at java.base/jdk.internal.reflect.DirectMethodHandleAccessor.invoke(DirectMethodHandleAccessor.java:103)
at java.base/java.lang.reflect.Method.invoke(Method.java:580)
at org.testng.internal.MethodInvocationHelper.invokeMethod(MethodInvocationHelper.java:124)
at org.testng.internal.Invoker.invokeMethod(Invoker.java:583)
at org.testng.internal.Invoker.invokeTestMethod(Invoker.java:719)
at org.testng.internal.Invoker.invokeTestMethods(Invoker.java:989)
at org.testng.internal.TestMethodWorker.invokeTestMethods(TestMethodWorker.java:125)
at org.testng.internal.TestMethodWorker.run(TestMethodWorker.java:109)
at org.testng.TestRunner.privateRun(TestRunner.java:648)
at org.testng.TestRunner.run(TestRunner.java:505)
at org.testng.SuiteRunner.runTest(SuiteRunner.java:455)
at org.testng.SuiteRunner.runSequentially(SuiteRunner.java:450)
at org.testng.SuiteRunner.privateRun(SuiteRunner.java:415)
at org.testng.SuiteRunner.run(SuiteRunner.java:364)
at org.testng.SuiteRunnerWorker.runSuite(SuiteRunnerWorker.java:52)
at org.testng.SuiteRunnerWorker.run(SuiteRunnerWorker.java:84)
at org.testng.TestNG.runSuitesSequentially(TestNG.java:1208)
at org.testng.TestNG.runSuitesLocally(TestNG.java:1137)
at org.testng.TestNG.runSuites(TestNG.java:1049)
at org.testng.TestNG.run(TestNG.java:1017)
at org.testng.remote.AbstractRemoteTestNG.run(AbstractRemoteTestNG.java:115)
at org.testng.remote.RemoteTestNG.initAndRun(RemoteTestNG.java:293)
at org.testng.remote.RemoteTestNG.main(RemoteTestNG.java:91)
]]>
            </full-stacktrace>
          </exception> <!-- org.openqa.selenium.NoSuchElementException -->
          <reporter-output>
            <line>
              <![CDATA[Screenshot taken Successfully]]>
            </line>
          </reporter-output>
        </test-method> <!-- toRegisterIntoDemoWebshop -->
        <test-method is-config="true" signature="toCloseDatabase()[pri:0, instance:com.DemoWebShopOne.TestScripts.RegisterTest@4b41dd5c]" started-at="2025-01-19T13:10:00Z" name="toCloseDatabase" finished-at="2025-01-19T13:10:00Z" duration-ms="15" status="PASS">
          <reporter-output>
            <line>
              <![CDATA[=====database closed successfully====]]>
            </line>
          </reporter-output>
        </test-method> <!-- toCloseDatabase -->
        <test-method is-config="true" signature="tearDown()[pri:0, instance:com.DemoWebShopOne.TestScripts.RegisterTest@4b41dd5c]" started-at="2025-01-19T13:10:00Z" name="tearDown" finished-at="2025-01-19T13:10:00Z" duration-ms="0" status="PASS">
          <reporter-output>
            <line>
              <![CDATA[=====Browser closed successfully====]]>
            </line>
          </reporter-output>
        </test-method> <!-- tearDown -->
        <test-method is-config="true" signature="toCloseServer()[pri:0, instance:com.DemoWebShopOne.TestScripts.RegisterTest@4b41dd5c]" started-at="2025-01-19T13:10:00Z" name="toCloseServer" finished-at="2025-01-19T13:10:00Z" duration-ms="0" status="PASS">
          <reporter-output>
            <line>
              <![CDATA[=====database closed successfully====]]>
            </line>
          </reporter-output>
        </test-method> <!-- toCloseServer -->
      </class> <!-- com.DemoWebShopOne.TestScripts.RegisterTest -->
    </test> <!-- Default test -->
  </suite> <!-- Default suite -->
</testng-results>
