<?xml version="1.0" encoding="UTF-8"?>
<!-- Generated by org.testng.reporters.JUnitXMLReporter -->
<testsuite ignored="1" hostname="DESKTOP-TUE1PU9" failures="0" tests="6" name="Default test" time="0.045" errors="0" timestamp="17 Dec 2024 06:11:56 GMT">
  <testcase classname="LearningTestNG.FirstTestNg" name="register" time="0.01"/>
  <testcase classname="LearningTestNG.FirstTestNg" name="register" time="0.001"/>
  <testcase classname="LearningTestNG.FirstTestNg" name="register" time="0.001"/>
  <testcase classname="LearningTestNG.FirstTestNg" name="register" time="0.003"/>
  <testcase classname="LearningTestNG.FirstTestNg" name="register" time="0.004"/>
  <testcase classname="LearningTestNG.FirstTestNg" name="login" time="0.001"/>
  <testcase classname="LearningTestNG.FirstTestNg" name="addToCart" time="0.0">
    <ignored/>
  </testcase> <!-- addToCart -->
</testsuite> <!-- Default test -->
