<?xml version="1.0" encoding="UTF-8"?>
<!-- Generated by org.testng.reporters.JUnitXMLReporter -->
<testsuite ignored="0" hostname="DESKTOP-TUE1PU9" failures="0" tests="3" name="Default test" time="0.086" errors="0" timestamp="2025-01-08T15:46:02 IST">
  <testcase classname="LearningTestNg.FirstTestNgScript" name="register" time="0.023"/>
  <testcase classname="LearningTestNg.FirstTestNgScript" name="login" time="0.002"/>
  <testcase classname="LearningTestNg.FirstTestNgScript" name="AddToCart" time="0.006"/>
</testsuite> <!-- Default test -->
