<?xml version="1.0" encoding="UTF-8"?>
<testng-results ignored="0" total="9" passed="9" failed="0" skipped="0">
  <reporter-output>
    <line>
      <![CDATA[=========Server Connected Successfully=========]]>
    </line>
    <line>
      <![CDATA[========Database Connected Successfully=========]]>
    </line>
    <line>
      <![CDATA[========Database Connected Successfully=========]]>
    </line>
    <line>
      <![CDATA[========Database Connected Successfully=========]]>
    </line>
    <line>
      <![CDATA[========Launching chrome Browser==========]]>
    </line>
    <line>
      <![CDATA[========Launching chrome Browser==========]]>
    </line>
    <line>
      <![CDATA[========Launching chrome Browser==========]]>
    </line>
    <line>
      <![CDATA[Browser closed successfully]]>
    </line>
    <line>
      <![CDATA[============Database Closed Successfully]]>
    </line>
    <line>
      <![CDATA[Browser closed successfully]]>
    </line>
    <line>
      <![CDATA[============Database Closed Successfully]]>
    </line>
    <line>
      <![CDATA[Browser closed successfully]]>
    </line>
    <line>
      <![CDATA[============Database Closed Successfully]]>
    </line>
    <line>
      <![CDATA[===========Server Closed successfully====]]>
    </line>
  </reporter-output>
  <suite started-at="2025-01-17T22:58:09 IST" name="Suite" finished-at="2025-01-17T22:58:31 IST" duration-ms="22582">
    <groups>
      <group name="ST">
        <method signature="RegisterTest.registerTestScript()[pri:0, instance:com.Demowebshop.TestScript.RegisterTest@791f145a]" name="registerTestScript" class="com.Demowebshop.TestScript.RegisterTest"/>
        <method signature="ValidLoginTest.loginTestScript()[pri:0, instance:com.Demowebshop.TestScript.ValidLoginTest@543295b0]" name="loginTestScript" class="com.Demowebshop.TestScript.ValidLoginTest"/>
      </group> <!-- ST -->
      <group name="RT">
        <method signature="RegisterTest.registerTestScript()[pri:0, instance:com.Demowebshop.TestScript.RegisterTest@791f145a]" name="registerTestScript" class="com.Demowebshop.TestScript.RegisterTest"/>
        <method signature="ValidLoginTest.loginTestScript()[pri:0, instance:com.Demowebshop.TestScript.ValidLoginTest@543295b0]" name="loginTestScript" class="com.Demowebshop.TestScript.ValidLoginTest"/>
      </group> <!-- RT -->
      <group name="IT">
        <method signature="ValidLoginTest.loginTestScript()[pri:0, instance:com.Demowebshop.TestScript.ValidLoginTest@543295b0]" name="loginTestScript" class="com.Demowebshop.TestScript.ValidLoginTest"/>
      </group> <!-- IT -->
      <group name="FT">
        <method signature="InvalidLoginTest.invalidLoginTest(java.lang.String,java.lang.String)[pri:0, instance:com.Demowebshop.TestScript.InvalidLoginTest@712625fd]" name="invalidLoginTest" class="com.Demowebshop.TestScript.InvalidLoginTest"/>
      </group> <!-- FT -->
    </groups>
    <test started-at="2025-01-17T22:58:09 IST" name="Test2" finished-at="2025-01-17T22:58:22 IST" duration-ms="13052">
      <class name="com.Demowebshop.TestScript.ValidLoginTest">
        <test-method is-config="true" signature="toConnectDatabase()[pri:0, instance:com.Demowebshop.TestScript.ValidLoginTest@543295b0]" started-at="2025-01-17T22:58:09 IST" name="toConnectDatabase" finished-at="2025-01-17T22:58:09 IST" duration-ms="0" status="PASS">
          <reporter-output>
            <line>
              <![CDATA[========Database Connected Successfully=========]]>
            </line>
          </reporter-output>
        </test-method> <!-- toConnectDatabase -->
        <test-method is-config="true" signature="setUp(java.lang.String)[pri:0, instance:com.Demowebshop.TestScript.ValidLoginTest@543295b0]" started-at="2025-01-17T22:58:09 IST" name="setUp" finished-at="2025-01-17T22:58:17 IST" duration-ms="7894" status="PASS">
          <params>
            <param index="0">
              <value>
                <![CDATA[chrome]]>
              </value>
            </param>
          </params>
          <reporter-output>
            <line>
              <![CDATA[========Launching chrome Browser==========]]>
            </line>
          </reporter-output>
        </test-method> <!-- setUp -->
        <test-method signature="loginTestScript()[pri:0, instance:com.Demowebshop.TestScript.ValidLoginTest@543295b0]" started-at="2025-01-17T22:58:17 IST" name="loginTestScript" finished-at="2025-01-17T22:58:21 IST" duration-ms="4654" status="PASS">
          <reporter-output>
          </reporter-output>
        </test-method> <!-- loginTestScript -->
        <test-method is-config="true" signature="tearDown()[pri:0, instance:com.Demowebshop.TestScript.ValidLoginTest@543295b0]" started-at="2025-01-17T22:58:22 IST" name="tearDown" finished-at="2025-01-17T22:58:22 IST" duration-ms="449" status="PASS">
          <reporter-output>
            <line>
              <![CDATA[Browser closed successfully]]>
            </line>
          </reporter-output>
        </test-method> <!-- tearDown -->
        <test-method is-config="true" signature="toCloseDatabase()[pri:0, instance:com.Demowebshop.TestScript.ValidLoginTest@543295b0]" started-at="2025-01-17T22:58:22 IST" name="toCloseDatabase" finished-at="2025-01-17T22:58:22 IST" duration-ms="2" status="PASS">
          <reporter-output>
            <line>
              <![CDATA[============Database Closed Successfully]]>
            </line>
          </reporter-output>
        </test-method> <!-- toCloseDatabase -->
      </class> <!-- com.Demowebshop.TestScript.ValidLoginTest -->
    </test> <!-- Test2 -->
    <test started-at="2025-01-17T22:58:09 IST" name="Test1" finished-at="2025-01-17T22:58:23 IST" duration-ms="14199">
      <class name="com.Demowebshop.TestScript.RegisterTest">
        <test-method is-config="true" signature="toConnectDatabase()[pri:0, instance:com.Demowebshop.TestScript.RegisterTest@791f145a]" started-at="2025-01-17T22:58:09 IST" name="toConnectDatabase" finished-at="2025-01-17T22:58:09 IST" duration-ms="1" status="PASS">
          <reporter-output>
            <line>
              <![CDATA[========Database Connected Successfully=========]]>
            </line>
          </reporter-output>
        </test-method> <!-- toConnectDatabase -->
        <test-method is-config="true" signature="setUp(java.lang.String)[pri:0, instance:com.Demowebshop.TestScript.RegisterTest@791f145a]" started-at="2025-01-17T22:58:09 IST" name="setUp" finished-at="2025-01-17T22:58:15 IST" duration-ms="5954" status="PASS">
          <params>
            <param index="0">
              <value>
                <![CDATA[chrome]]>
              </value>
            </param>
          </params>
          <reporter-output>
            <line>
              <![CDATA[========Launching chrome Browser==========]]>
            </line>
          </reporter-output>
        </test-method> <!-- setUp -->
        <test-method signature="registerTestScript()[pri:0, instance:com.Demowebshop.TestScript.RegisterTest@791f145a]" started-at="2025-01-17T22:58:15 IST" name="registerTestScript" finished-at="2025-01-17T22:58:23 IST" duration-ms="7951" status="PASS">
          <reporter-output>
          </reporter-output>
        </test-method> <!-- registerTestScript -->
        <test-method is-config="true" signature="tearDown()[pri:0, instance:com.Demowebshop.TestScript.RegisterTest@791f145a]" started-at="2025-01-17T22:58:23 IST" name="tearDown" finished-at="2025-01-17T22:58:23 IST" duration-ms="210" status="PASS">
          <reporter-output>
            <line>
              <![CDATA[Browser closed successfully]]>
            </line>
          </reporter-output>
        </test-method> <!-- tearDown -->
        <test-method is-config="true" signature="toCloseDatabase()[pri:0, instance:com.Demowebshop.TestScript.RegisterTest@791f145a]" started-at="2025-01-17T22:58:23 IST" name="toCloseDatabase" finished-at="2025-01-17T22:58:23 IST" duration-ms="1" status="PASS">
          <reporter-output>
            <line>
              <![CDATA[============Database Closed Successfully]]>
            </line>
          </reporter-output>
        </test-method> <!-- toCloseDatabase -->
      </class> <!-- com.Demowebshop.TestScript.RegisterTest -->
    </test> <!-- Test1 -->
    <test started-at="2025-01-17T22:58:09 IST" name="Test3" finished-at="2025-01-17T22:58:31 IST" duration-ms="22582">
      <class name="com.Demowebshop.TestScript.InvalidLoginTest">
        <test-method is-config="true" signature="toConnectServer()[pri:0, instance:com.Demowebshop.TestScript.InvalidLoginTest@712625fd]" started-at="2025-01-17T22:58:09 IST" name="toConnectServer" finished-at="2025-01-17T22:58:09 IST" duration-ms="16" status="PASS">
          <reporter-output>
            <line>
              <![CDATA[=========Server Connected Successfully=========]]>
            </line>
          </reporter-output>
        </test-method> <!-- toConnectServer -->
        <test-method is-config="true" signature="toConnectDatabase()[pri:0, instance:com.Demowebshop.TestScript.InvalidLoginTest@712625fd]" started-at="2025-01-17T22:58:09 IST" name="toConnectDatabase" finished-at="2025-01-17T22:58:09 IST" duration-ms="0" status="PASS">
          <reporter-output>
            <line>
              <![CDATA[========Database Connected Successfully=========]]>
            </line>
          </reporter-output>
        </test-method> <!-- toConnectDatabase -->
        <test-method is-config="true" signature="setUp(java.lang.String)[pri:0, instance:com.Demowebshop.TestScript.InvalidLoginTest@712625fd]" started-at="2025-01-17T22:58:09 IST" name="setUp" finished-at="2025-01-17T22:58:15 IST" duration-ms="6010" status="PASS">
          <params>
            <param index="0">
              <value>
                <![CDATA[chrome]]>
              </value>
            </param>
          </params>
          <reporter-output>
            <line>
              <![CDATA[========Launching chrome Browser==========]]>
            </line>
          </reporter-output>
        </test-method> <!-- setUp -->
        <test-method signature="invalidLoginTest(java.lang.String,java.lang.String)[pri:0, instance:com.Demowebshop.TestScript.InvalidLoginTest@712625fd]" started-at="2025-01-17T22:58:18 IST" name="invalidLoginTest" data-provider="InvalidData" finished-at="2025-01-17T22:58:21 IST" duration-ms="2875" status="PASS">
          <params>
            <param index="0">
              <value>
                <![CDATA[Myadav@gmail.com]]>
              </value>
            </param>
            <param index="1">
              <value>
                <![CDATA[myadav123]]>
              </value>
            </param>
          </params>
          <reporter-output>
          </reporter-output>
        </test-method> <!-- invalidLoginTest -->
        <test-method signature="invalidLoginTest(java.lang.String,java.lang.String)[pri:0, instance:com.Demowebshop.TestScript.InvalidLoginTest@712625fd]" started-at="2025-01-17T22:58:21 IST" name="invalidLoginTest" data-provider="InvalidData" finished-at="2025-01-17T22:58:23 IST" duration-ms="2125" status="PASS">
          <params>
            <param index="0">
              <value>
                <![CDATA[Myadav1@gmail.com]]>
              </value>
            </param>
            <param index="1">
              <value>
                <![CDATA[myadav124]]>
              </value>
            </param>
          </params>
          <reporter-output>
          </reporter-output>
        </test-method> <!-- invalidLoginTest -->
        <test-method signature="invalidLoginTest(java.lang.String,java.lang.String)[pri:0, instance:com.Demowebshop.TestScript.InvalidLoginTest@712625fd]" started-at="2025-01-17T22:58:23 IST" name="invalidLoginTest" data-provider="InvalidData" finished-at="2025-01-17T22:58:25 IST" duration-ms="1272" status="PASS">
          <params>
            <param index="0">
              <value>
                <![CDATA[Myadav2@gmail.com]]>
              </value>
            </param>
            <param index="1">
              <value>
                <![CDATA[myadav125]]>
              </value>
            </param>
          </params>
          <reporter-output>
          </reporter-output>
        </test-method> <!-- invalidLoginTest -->
        <test-method signature="invalidLoginTest(java.lang.String,java.lang.String)[pri:0, instance:com.Demowebshop.TestScript.InvalidLoginTest@712625fd]" started-at="2025-01-17T22:58:25 IST" name="invalidLoginTest" data-provider="InvalidData" finished-at="2025-01-17T22:58:26 IST" duration-ms="1426" status="PASS">
          <params>
            <param index="0">
              <value>
                <![CDATA[Myadav3@gmail.com]]>
              </value>
            </param>
            <param index="1">
              <value>
                <![CDATA[myadav126]]>
              </value>
            </param>
          </params>
          <reporter-output>
          </reporter-output>
        </test-method> <!-- invalidLoginTest -->
        <test-method signature="invalidLoginTest(java.lang.String,java.lang.String)[pri:0, instance:com.Demowebshop.TestScript.InvalidLoginTest@712625fd]" started-at="2025-01-17T22:58:26 IST" name="invalidLoginTest" data-provider="InvalidData" finished-at="2025-01-17T22:58:27 IST" duration-ms="1362" status="PASS">
          <params>
            <param index="0">
              <value>
                <![CDATA[Myadav4@gmail.com]]>
              </value>
            </param>
            <param index="1">
              <value>
                <![CDATA[myadav127]]>
              </value>
            </param>
          </params>
          <reporter-output>
          </reporter-output>
        </test-method> <!-- invalidLoginTest -->
        <test-method signature="invalidLoginTest(java.lang.String,java.lang.String)[pri:0, instance:com.Demowebshop.TestScript.InvalidLoginTest@712625fd]" started-at="2025-01-17T22:58:27 IST" name="invalidLoginTest" data-provider="InvalidData" finished-at="2025-01-17T22:58:29 IST" duration-ms="1430" status="PASS">
          <params>
            <param index="0">
              <value>
                <![CDATA[Myadav5@gmail.com]]>
              </value>
            </param>
            <param index="1">
              <value>
                <![CDATA[myadav128]]>
              </value>
            </param>
          </params>
          <reporter-output>
          </reporter-output>
        </test-method> <!-- invalidLoginTest -->
        <test-method signature="invalidLoginTest(java.lang.String,java.lang.String)[pri:0, instance:com.Demowebshop.TestScript.InvalidLoginTest@712625fd]" started-at="2025-01-17T22:58:29 IST" name="invalidLoginTest" data-provider="InvalidData" finished-at="2025-01-17T22:58:31 IST" duration-ms="1642" status="PASS">
          <params>
            <param index="0">
              <value>
                <![CDATA[Myadav6@gmail.com]]>
              </value>
            </param>
            <param index="1">
              <value>
                <![CDATA[myadav129]]>
              </value>
            </param>
          </params>
          <reporter-output>
          </reporter-output>
        </test-method> <!-- invalidLoginTest -->
        <test-method is-config="true" signature="tearDown()[pri:0, instance:com.Demowebshop.TestScript.InvalidLoginTest@712625fd]" started-at="2025-01-17T22:58:31 IST" name="tearDown" finished-at="2025-01-17T22:58:31 IST" duration-ms="972" status="PASS">
          <reporter-output>
            <line>
              <![CDATA[Browser closed successfully]]>
            </line>
          </reporter-output>
        </test-method> <!-- tearDown -->
        <test-method is-config="true" signature="toCloseDatabase()[pri:0, instance:com.Demowebshop.TestScript.InvalidLoginTest@712625fd]" started-at="2025-01-17T22:58:31 IST" name="toCloseDatabase" finished-at="2025-01-17T22:58:31 IST" duration-ms="0" status="PASS">
          <reporter-output>
            <line>
              <![CDATA[============Database Closed Successfully]]>
            </line>
          </reporter-output>
        </test-method> <!-- toCloseDatabase -->
        <test-method is-config="true" signature="toCloseServer()[pri:0, instance:com.Demowebshop.TestScript.InvalidLoginTest@712625fd]" started-at="2025-01-17T22:58:32 IST" name="toCloseServer" finished-at="2025-01-17T22:58:32 IST" duration-ms="2" status="PASS">
          <reporter-output>
            <line>
              <![CDATA[===========Server Closed successfully====]]>
            </line>
          </reporter-output>
        </test-method> <!-- toCloseServer -->
      </class> <!-- com.Demowebshop.TestScript.InvalidLoginTest -->
    </test> <!-- Test3 -->
  </suite> <!-- Suite -->
</testng-results>
